Determining if the pthread_create exist failed with the following output:
Change Dir: /home/nalindas9/Documents/courses/spring_2020/enpm661-planning/github/bidirectional-spline-RRTstar/adrurlbot_ws/build/CMakeFiles/CMakeTmp

Run Build Command:"/usr/bin/make" "cmTC_83c04/fast"
/usr/bin/make -f CMakeFiles/cmTC_83c04.dir/build.make CMakeFiles/cmTC_83c04.dir/build
make[1]: Entering directory '/home/nalindas9/Documents/courses/spring_2020/enpm661-planning/github/bidirectional-spline-RRTstar/adrurlbot_ws/build/CMakeFiles/CMakeTmp'
Building C object CMakeFiles/cmTC_83c04.dir/CheckSymbolExists.c.o
/usr/bin/cc    -o CMakeFiles/cmTC_83c04.dir/CheckSymbolExists.c.o   -c /home/nalindas9/Documents/courses/spring_2020/enpm661-planning/github/bidirectional-spline-RRTstar/adrurlbot_ws/build/CMakeFiles/CMakeTmp/CheckSymbolExists.c
Linking C executable cmTC_83c04
/usr/local/bin/cmake -E cmake_link_script CMakeFiles/cmTC_83c04.dir/link.txt --verbose=1
/usr/bin/cc      -rdynamic CMakeFiles/cmTC_83c04.dir/CheckSymbolExists.c.o  -o cmTC_83c04 
CMakeFiles/cmTC_83c04.dir/CheckSymbolExists.c.o: In function `main':
CheckSymbolExists.c:(.text+0x16): undefined reference to `pthread_create'
collect2: error: ld returned 1 exit status
CMakeFiles/cmTC_83c04.dir/build.make:86: recipe for target 'cmTC_83c04' failed
make[1]: *** [cmTC_83c04] Error 1
make[1]: Leaving directory '/home/nalindas9/Documents/courses/spring_2020/enpm661-planning/github/bidirectional-spline-RRTstar/adrurlbot_ws/build/CMakeFiles/CMakeTmp'
Makefile:121: recipe for target 'cmTC_83c04/fast' failed
make: *** [cmTC_83c04/fast] Error 2

File /home/nalindas9/Documents/courses/spring_2020/enpm661-planning/github/bidirectional-spline-RRTstar/adrurlbot_ws/build/CMakeFiles/CMakeTmp/CheckSymbolExists.c:
/* */
#include <pthread.h>

int main(int argc, char** argv)
{
  (void)argv;
#ifndef pthread_create
  return ((int*)(&pthread_create))[argc];
#else
  (void)argc;
  return 0;
#endif
}

Determining if the function pthread_create exists in the pthreads failed with the following output:
Change Dir: /home/nalindas9/Documents/courses/spring_2020/enpm661-planning/github/bidirectional-spline-RRTstar/adrurlbot_ws/build/CMakeFiles/CMakeTmp

Run Build Command:"/usr/bin/make" "cmTC_4e6bb/fast"
/usr/bin/make -f CMakeFiles/cmTC_4e6bb.dir/build.make CMakeFiles/cmTC_4e6bb.dir/build
make[1]: Entering directory '/home/nalindas9/Documents/courses/spring_2020/enpm661-planning/github/bidirectional-spline-RRTstar/adrurlbot_ws/build/CMakeFiles/CMakeTmp'
Building C object CMakeFiles/cmTC_4e6bb.dir/CheckFunctionExists.c.o
/usr/bin/cc   -DCHECK_FUNCTION_EXISTS=pthread_create   -o CMakeFiles/cmTC_4e6bb.dir/CheckFunctionExists.c.o   -c /usr/local/share/cmake-3.12/Modules/CheckFunctionExists.c
Linking C executable cmTC_4e6bb
/usr/local/bin/cmake -E cmake_link_script CMakeFiles/cmTC_4e6bb.dir/link.txt --verbose=1
/usr/bin/cc  -DCHECK_FUNCTION_EXISTS=pthread_create    -rdynamic CMakeFiles/cmTC_4e6bb.dir/CheckFunctionExists.c.o  -o cmTC_4e6bb -lpthreads 
/usr/bin/ld: cannot find -lpthreads
collect2: error: ld returned 1 exit status
CMakeFiles/cmTC_4e6bb.dir/build.make:86: recipe for target 'cmTC_4e6bb' failed
make[1]: *** [cmTC_4e6bb] Error 1
make[1]: Leaving directory '/home/nalindas9/Documents/courses/spring_2020/enpm661-planning/github/bidirectional-spline-RRTstar/adrurlbot_ws/build/CMakeFiles/CMakeTmp'
Makefile:121: recipe for target 'cmTC_4e6bb/fast' failed
make: *** [cmTC_4e6bb/fast] Error 2


